<?xml version="1.0" encoding="UTF-8"?>
<testsuite xmlns:xsi="http://www.w3.org/2001/XMLSchema-instance" xsi:noNamespaceSchemaLocation="https://maven.apache.org/surefire/maven-surefire-plugin/xsd/surefire-test-report.xsd" name="TestSuite" time="161.412" tests="4" errors="0" skipped="3" failures="1">
  <properties>
    <property name="sun.desktop" value="windows"/>
    <property name="awt.toolkit" value="sun.awt.windows.WToolkit"/>
    <property name="file.encoding.pkg" value="sun.io"/>
    <property name="java.specification.version" value="1.8"/>
    <property name="sun.cpu.isalist" value="amd64"/>
    <property name="sun.jnu.encoding" value="Cp1252"/>
    <property name="java.class.path" value="C:\Users\vsingh\eclipse-workspace\Selenium\target\test-classes;C:\Users\vsingh\eclipse-workspace\Selenium\target\classes;C:\Users\vsingh\.m2\repository\org\seleniumhq\selenium\selenium-java\3.14.0\selenium-java-3.14.0.jar;C:\Users\vsingh\.m2\repository\org\seleniumhq\selenium\selenium-api\3.14.0\selenium-api-3.14.0.jar;C:\Users\vsingh\.m2\repository\org\seleniumhq\selenium\selenium-chrome-driver\3.14.0\selenium-chrome-driver-3.14.0.jar;C:\Users\vsingh\.m2\repository\org\seleniumhq\selenium\selenium-edge-driver\3.14.0\selenium-edge-driver-3.14.0.jar;C:\Users\vsingh\.m2\repository\org\seleniumhq\selenium\selenium-firefox-driver\3.14.0\selenium-firefox-driver-3.14.0.jar;C:\Users\vsingh\.m2\repository\org\seleniumhq\selenium\selenium-ie-driver\3.14.0\selenium-ie-driver-3.14.0.jar;C:\Users\vsingh\.m2\repository\org\seleniumhq\selenium\selenium-opera-driver\3.14.0\selenium-opera-driver-3.14.0.jar;C:\Users\vsingh\.m2\repository\org\seleniumhq\selenium\selenium-remote-driver\3.14.0\selenium-remote-driver-3.14.0.jar;C:\Users\vsingh\.m2\repository\org\seleniumhq\selenium\selenium-safari-driver\3.14.0\selenium-safari-driver-3.14.0.jar;C:\Users\vsingh\.m2\repository\org\seleniumhq\selenium\selenium-support\3.14.0\selenium-support-3.14.0.jar;C:\Users\vsingh\.m2\repository\net\bytebuddy\byte-buddy\1.8.15\byte-buddy-1.8.15.jar;C:\Users\vsingh\.m2\repository\org\apache\commons\commons-exec\1.3\commons-exec-1.3.jar;C:\Users\vsingh\.m2\repository\commons-codec\commons-codec\1.10\commons-codec-1.10.jar;C:\Users\vsingh\.m2\repository\commons-logging\commons-logging\1.2\commons-logging-1.2.jar;C:\Users\vsingh\.m2\repository\com\google\guava\guava\25.0-jre\guava-25.0-jre.jar;C:\Users\vsingh\.m2\repository\org\checkerframework\checker-compat-qual\2.0.0\checker-compat-qual-2.0.0.jar;C:\Users\vsingh\.m2\repository\com\google\errorprone\error_prone_annotations\2.1.3\error_prone_annotations-2.1.3.jar;C:\Users\vsingh\.m2\repository\com\google\j2objc\j2objc-annotations\1.1\j2objc-annotations-1.1.jar;C:\Users\vsingh\.m2\repository\org\codehaus\mojo\animal-sniffer-annotations\1.14\animal-sniffer-annotations-1.14.jar;C:\Users\vsingh\.m2\repository\org\apache\httpcomponents\httpclient\4.5.5\httpclient-4.5.5.jar;C:\Users\vsingh\.m2\repository\org\apache\httpcomponents\httpcore\4.4.9\httpcore-4.4.9.jar;C:\Users\vsingh\.m2\repository\com\squareup\okhttp3\okhttp\3.10.0\okhttp-3.10.0.jar;C:\Users\vsingh\.m2\repository\com\squareup\okio\okio\1.14.1\okio-1.14.1.jar;C:\Users\vsingh\.m2\repository\org\testng\testng\6.14.3\testng-6.14.3.jar;C:\Users\vsingh\.m2\repository\com\beust\jcommander\1.72\jcommander-1.72.jar;C:\Users\vsingh\.m2\repository\org\apache-extras\beanshell\bsh\2.0b6\bsh-2.0b6.jar;C:\Users\vsingh\.m2\repository\log4j\log4j\1.2.17\log4j-1.2.17.jar;C:\Users\vsingh\.m2\repository\commons-io\commons-io\2.6\commons-io-2.6.jar;C:\Users\vsingh\.m2\repository\org\apache\commons\commons-compress\1.18\commons-compress-1.18.jar;C:\Users\vsingh\.m2\repository\org\apache\poi\poi-ooxml\3.9\poi-ooxml-3.9.jar;C:\Users\vsingh\.m2\repository\org\apache\poi\poi\3.9\poi-3.9.jar;C:\Users\vsingh\.m2\repository\org\apache\poi\poi-ooxml-schemas\3.9\poi-ooxml-schemas-3.9.jar;C:\Users\vsingh\.m2\repository\org\apache\xmlbeans\xmlbeans\2.3.0\xmlbeans-2.3.0.jar;C:\Users\vsingh\.m2\repository\stax\stax-api\1.0.1\stax-api-1.0.1.jar;C:\Users\vsingh\.m2\repository\dom4j\dom4j\1.6.1\dom4j-1.6.1.jar;C:\Users\vsingh\.m2\repository\xml-apis\xml-apis\1.0.b2\xml-apis-1.0.b2.jar;C:\Users\vsingh\.m2\repository\com\google\api-client\google-api-client\1.22.0\google-api-client-1.22.0.jar;C:\Users\vsingh\.m2\repository\com\google\oauth-client\google-oauth-client\1.22.0\google-oauth-client-1.22.0.jar;C:\Users\vsingh\.m2\repository\com\google\http-client\google-http-client\1.22.0\google-http-client-1.22.0.jar;C:\Users\vsingh\.m2\repository\com\google\http-client\google-http-client-jackson2\1.22.0\google-http-client-jackson2-1.22.0.jar;C:\Users\vsingh\.m2\repository\com\fasterxml\jackson\core\jackson-core\2.1.3\jackson-core-2.1.3.jar;C:\Users\vsingh\.m2\repository\com\google\guava\guava-jdk5\17.0\guava-jdk5-17.0.jar;C:\Users\vsingh\.m2\repository\com\google\oauth-client\google-oauth-client-jetty\1.22.0\google-oauth-client-jetty-1.22.0.jar;C:\Users\vsingh\.m2\repository\com\google\oauth-client\google-oauth-client-java6\1.22.0\google-oauth-client-java6-1.22.0.jar;C:\Users\vsingh\.m2\repository\org\mortbay\jetty\jetty\6.1.26\jetty-6.1.26.jar;C:\Users\vsingh\.m2\repository\org\mortbay\jetty\jetty-util\6.1.26\jetty-util-6.1.26.jar;C:\Users\vsingh\.m2\repository\org\mortbay\jetty\servlet-api\2.5-20081211\servlet-api-2.5-20081211.jar;C:\Users\vsingh\.m2\repository\com\google\apis\google-api-services-sheets\v4-rev483-1.22.0\google-api-services-sheets-v4-rev483-1.22.0.jar;C:\Users\vsingh\.m2\repository\com\google\gdata\core\1.47.1\core-1.47.1.jar;C:\Users\vsingh\.m2\repository\com\google\code\findbugs\jsr305\1.3.7\jsr305-1.3.7.jar;C:\Users\vsingh\.m2\repository\javax\mail\mail\1.4\mail-1.4.jar;C:\Users\vsingh\.m2\repository\javax\activation\activation\1.1\activation-1.1.jar;C:\Users\vsingh\.m2\repository\org\eclipse\jetty\jetty-util\9.4.12.v20180830\jetty-util-9.4.12.v20180830.jar;C:\Users\vsingh\.m2\repository\javax\servlet\servlet-api\2.5\servlet-api-2.5.jar;C:\Users\vsingh\.m2\repository\org\apache\pdfbox\fontbox\1.8.1\fontbox-1.8.1.jar;C:\Users\vsingh\.m2\repository\org\apache\pdfbox\pdfbox\1.8.1\pdfbox-1.8.1.jar;C:\Users\vsingh\.m2\repository\org\apache\pdfbox\jempbox\1.8.1\jempbox-1.8.1.jar;C:\Users\vsingh\.m2\repository\com\relevantcodes\extentreports\2.41.2\extentreports-2.41.2.jar;C:\Users\vsingh\.m2\repository\org\jsoup\jsoup\1.8.3\jsoup-1.8.3.jar;C:\Users\vsingh\.m2\repository\org\xerial\sqlite-jdbc\3.8.11.1\sqlite-jdbc-3.8.11.1.jar;C:\Users\vsingh\.m2\repository\org\freemarker\freemarker\2.3.23\freemarker-2.3.23.jar;C:\Users\vsingh\.m2\repository\org\mongodb\mongodb-driver\3.0.4\mongodb-driver-3.0.4.jar;C:\Users\vsingh\.m2\repository\org\mongodb\bson\3.0.4\bson-3.0.4.jar;C:\Users\vsingh\.m2\repository\org\mongodb\mongodb-driver-core\3.0.4\mongodb-driver-core-3.0.4.jar;C:\Users\vsingh\.m2\repository\org\apache\maven\surefire\surefire-testng-utils\2.22.0\surefire-testng-utils-2.22.0.jar;C:\Users\vsingh\.m2\repository\org\apache\maven\surefire\surefire-grouper\2.22.0\surefire-grouper-2.22.0.jar;"/>
    <property name="java.vm.vendor" value="Oracle Corporation"/>
    <property name="sun.arch.data.model" value="64"/>
    <property name="user.variant" value=""/>
    <property name="java.vendor.url" value="http://java.oracle.com/"/>
    <property name="user.timezone" value="Asia/Calcutta"/>
    <property name="java.vm.specification.version" value="1.8"/>
    <property name="os.name" value="Windows 10"/>
    <property name="user.country" value="US"/>
    <property name="sun.java.launcher" value="SUN_STANDARD"/>
    <property name="sun.boot.library.path" value="C:\Program Files\Java\jre1.8.0_181\bin"/>
    <property name="sun.java.command" value="C:\Users\vsingh\AppData\Local\Temp\surefire8835925065789193923\surefirebooter7501270396126612874.jar C:\Users\vsingh\AppData\Local\Temp\surefire8835925065789193923 2018-10-09T14-13-47_686-jvmRun1 surefire3922811362179828275tmp surefire_04637738156415242185tmp"/>
    <property name="surefire.test.class.path" value="C:\Users\vsingh\eclipse-workspace\Selenium\target\test-classes;C:\Users\vsingh\eclipse-workspace\Selenium\target\classes;C:\Users\vsingh\.m2\repository\org\seleniumhq\selenium\selenium-java\3.14.0\selenium-java-3.14.0.jar;C:\Users\vsingh\.m2\repository\org\seleniumhq\selenium\selenium-api\3.14.0\selenium-api-3.14.0.jar;C:\Users\vsingh\.m2\repository\org\seleniumhq\selenium\selenium-chrome-driver\3.14.0\selenium-chrome-driver-3.14.0.jar;C:\Users\vsingh\.m2\repository\org\seleniumhq\selenium\selenium-edge-driver\3.14.0\selenium-edge-driver-3.14.0.jar;C:\Users\vsingh\.m2\repository\org\seleniumhq\selenium\selenium-firefox-driver\3.14.0\selenium-firefox-driver-3.14.0.jar;C:\Users\vsingh\.m2\repository\org\seleniumhq\selenium\selenium-ie-driver\3.14.0\selenium-ie-driver-3.14.0.jar;C:\Users\vsingh\.m2\repository\org\seleniumhq\selenium\selenium-opera-driver\3.14.0\selenium-opera-driver-3.14.0.jar;C:\Users\vsingh\.m2\repository\org\seleniumhq\selenium\selenium-remote-driver\3.14.0\selenium-remote-driver-3.14.0.jar;C:\Users\vsingh\.m2\repository\org\seleniumhq\selenium\selenium-safari-driver\3.14.0\selenium-safari-driver-3.14.0.jar;C:\Users\vsingh\.m2\repository\org\seleniumhq\selenium\selenium-support\3.14.0\selenium-support-3.14.0.jar;C:\Users\vsingh\.m2\repository\net\bytebuddy\byte-buddy\1.8.15\byte-buddy-1.8.15.jar;C:\Users\vsingh\.m2\repository\org\apache\commons\commons-exec\1.3\commons-exec-1.3.jar;C:\Users\vsingh\.m2\repository\commons-codec\commons-codec\1.10\commons-codec-1.10.jar;C:\Users\vsingh\.m2\repository\commons-logging\commons-logging\1.2\commons-logging-1.2.jar;C:\Users\vsingh\.m2\repository\com\google\guava\guava\25.0-jre\guava-25.0-jre.jar;C:\Users\vsingh\.m2\repository\org\checkerframework\checker-compat-qual\2.0.0\checker-compat-qual-2.0.0.jar;C:\Users\vsingh\.m2\repository\com\google\errorprone\error_prone_annotations\2.1.3\error_prone_annotations-2.1.3.jar;C:\Users\vsingh\.m2\repository\com\google\j2objc\j2objc-annotations\1.1\j2objc-annotations-1.1.jar;C:\Users\vsingh\.m2\repository\org\codehaus\mojo\animal-sniffer-annotations\1.14\animal-sniffer-annotations-1.14.jar;C:\Users\vsingh\.m2\repository\org\apache\httpcomponents\httpclient\4.5.5\httpclient-4.5.5.jar;C:\Users\vsingh\.m2\repository\org\apache\httpcomponents\httpcore\4.4.9\httpcore-4.4.9.jar;C:\Users\vsingh\.m2\repository\com\squareup\okhttp3\okhttp\3.10.0\okhttp-3.10.0.jar;C:\Users\vsingh\.m2\repository\com\squareup\okio\okio\1.14.1\okio-1.14.1.jar;C:\Users\vsingh\.m2\repository\org\testng\testng\6.14.3\testng-6.14.3.jar;C:\Users\vsingh\.m2\repository\com\beust\jcommander\1.72\jcommander-1.72.jar;C:\Users\vsingh\.m2\repository\org\apache-extras\beanshell\bsh\2.0b6\bsh-2.0b6.jar;C:\Users\vsingh\.m2\repository\log4j\log4j\1.2.17\log4j-1.2.17.jar;C:\Users\vsingh\.m2\repository\commons-io\commons-io\2.6\commons-io-2.6.jar;C:\Users\vsingh\.m2\repository\org\apache\commons\commons-compress\1.18\commons-compress-1.18.jar;C:\Users\vsingh\.m2\repository\org\apache\poi\poi-ooxml\3.9\poi-ooxml-3.9.jar;C:\Users\vsingh\.m2\repository\org\apache\poi\poi\3.9\poi-3.9.jar;C:\Users\vsingh\.m2\repository\org\apache\poi\poi-ooxml-schemas\3.9\poi-ooxml-schemas-3.9.jar;C:\Users\vsingh\.m2\repository\org\apache\xmlbeans\xmlbeans\2.3.0\xmlbeans-2.3.0.jar;C:\Users\vsingh\.m2\repository\stax\stax-api\1.0.1\stax-api-1.0.1.jar;C:\Users\vsingh\.m2\repository\dom4j\dom4j\1.6.1\dom4j-1.6.1.jar;C:\Users\vsingh\.m2\repository\xml-apis\xml-apis\1.0.b2\xml-apis-1.0.b2.jar;C:\Users\vsingh\.m2\repository\com\google\api-client\google-api-client\1.22.0\google-api-client-1.22.0.jar;C:\Users\vsingh\.m2\repository\com\google\oauth-client\google-oauth-client\1.22.0\google-oauth-client-1.22.0.jar;C:\Users\vsingh\.m2\repository\com\google\http-client\google-http-client\1.22.0\google-http-client-1.22.0.jar;C:\Users\vsingh\.m2\repository\com\google\http-client\google-http-client-jackson2\1.22.0\google-http-client-jackson2-1.22.0.jar;C:\Users\vsingh\.m2\repository\com\fasterxml\jackson\core\jackson-core\2.1.3\jackson-core-2.1.3.jar;C:\Users\vsingh\.m2\repository\com\google\guava\guava-jdk5\17.0\guava-jdk5-17.0.jar;C:\Users\vsingh\.m2\repository\com\google\oauth-client\google-oauth-client-jetty\1.22.0\google-oauth-client-jetty-1.22.0.jar;C:\Users\vsingh\.m2\repository\com\google\oauth-client\google-oauth-client-java6\1.22.0\google-oauth-client-java6-1.22.0.jar;C:\Users\vsingh\.m2\repository\org\mortbay\jetty\jetty\6.1.26\jetty-6.1.26.jar;C:\Users\vsingh\.m2\repository\org\mortbay\jetty\jetty-util\6.1.26\jetty-util-6.1.26.jar;C:\Users\vsingh\.m2\repository\org\mortbay\jetty\servlet-api\2.5-20081211\servlet-api-2.5-20081211.jar;C:\Users\vsingh\.m2\repository\com\google\apis\google-api-services-sheets\v4-rev483-1.22.0\google-api-services-sheets-v4-rev483-1.22.0.jar;C:\Users\vsingh\.m2\repository\com\google\gdata\core\1.47.1\core-1.47.1.jar;C:\Users\vsingh\.m2\repository\com\google\code\findbugs\jsr305\1.3.7\jsr305-1.3.7.jar;C:\Users\vsingh\.m2\repository\javax\mail\mail\1.4\mail-1.4.jar;C:\Users\vsingh\.m2\repository\javax\activation\activation\1.1\activation-1.1.jar;C:\Users\vsingh\.m2\repository\org\eclipse\jetty\jetty-util\9.4.12.v20180830\jetty-util-9.4.12.v20180830.jar;C:\Users\vsingh\.m2\repository\javax\servlet\servlet-api\2.5\servlet-api-2.5.jar;C:\Users\vsingh\.m2\repository\org\apache\pdfbox\fontbox\1.8.1\fontbox-1.8.1.jar;C:\Users\vsingh\.m2\repository\org\apache\pdfbox\pdfbox\1.8.1\pdfbox-1.8.1.jar;C:\Users\vsingh\.m2\repository\org\apache\pdfbox\jempbox\1.8.1\jempbox-1.8.1.jar;C:\Users\vsingh\.m2\repository\com\relevantcodes\extentreports\2.41.2\extentreports-2.41.2.jar;C:\Users\vsingh\.m2\repository\org\jsoup\jsoup\1.8.3\jsoup-1.8.3.jar;C:\Users\vsingh\.m2\repository\org\xerial\sqlite-jdbc\3.8.11.1\sqlite-jdbc-3.8.11.1.jar;C:\Users\vsingh\.m2\repository\org\freemarker\freemarker\2.3.23\freemarker-2.3.23.jar;C:\Users\vsingh\.m2\repository\org\mongodb\mongodb-driver\3.0.4\mongodb-driver-3.0.4.jar;C:\Users\vsingh\.m2\repository\org\mongodb\bson\3.0.4\bson-3.0.4.jar;C:\Users\vsingh\.m2\repository\org\mongodb\mongodb-driver-core\3.0.4\mongodb-driver-core-3.0.4.jar;C:\Users\vsingh\.m2\repository\org\apache\maven\surefire\surefire-testng-utils\2.22.0\surefire-testng-utils-2.22.0.jar;C:\Users\vsingh\.m2\repository\org\apache\maven\surefire\surefire-grouper\2.22.0\surefire-grouper-2.22.0.jar;"/>
    <property name="sun.cpu.endian" value="little"/>
    <property name="user.home" value="C:\Users\vsingh"/>
    <property name="user.language" value="en"/>
    <property name="java.specification.vendor" value="Oracle Corporation"/>
    <property name="java.home" value="C:\Program Files\Java\jre1.8.0_181"/>
    <property name="basedir" value="C:\Users\vsingh\eclipse-workspace\Selenium"/>
    <property name="file.separator" value="\"/>
    <property name="line.separator" value="&#10;"/>
    <property name="java.vm.specification.vendor" value="Oracle Corporation"/>
    <property name="java.specification.name" value="Java Platform API Specification"/>
    <property name="java.awt.graphicsenv" value="sun.awt.Win32GraphicsEnvironment"/>
    <property name="surefire.real.class.path" value="C:\Users\vsingh\AppData\Local\Temp\surefire8835925065789193923\surefirebooter7501270396126612874.jar"/>
    <property name="sun.boot.class.path" value="C:\Program Files\Java\jre1.8.0_181\lib\resources.jar;C:\Program Files\Java\jre1.8.0_181\lib\rt.jar;C:\Program Files\Java\jre1.8.0_181\lib\sunrsasign.jar;C:\Program Files\Java\jre1.8.0_181\lib\jsse.jar;C:\Program Files\Java\jre1.8.0_181\lib\jce.jar;C:\Program Files\Java\jre1.8.0_181\lib\charsets.jar;C:\Program Files\Java\jre1.8.0_181\lib\jfr.jar;C:\Program Files\Java\jre1.8.0_181\classes"/>
    <property name="user.script" value=""/>
    <property name="sun.management.compiler" value="HotSpot 64-Bit Tiered Compilers"/>
    <property name="java.runtime.version" value="1.8.0_181-b13"/>
    <property name="user.name" value="vsingh"/>
    <property name="path.separator" value=";"/>
    <property name="os.version" value="10.0"/>
    <property name="java.endorsed.dirs" value="C:\Program Files\Java\jre1.8.0_181\lib\endorsed"/>
    <property name="java.runtime.name" value="Java(TM) SE Runtime Environment"/>
    <property name="file.encoding" value="Cp1252"/>
    <property name="java.vm.name" value="Java HotSpot(TM) 64-Bit Server VM"/>
    <property name="localRepository" value="C:\Users\vsingh\.m2\repository"/>
    <property name="java.vendor.url.bug" value="http://bugreport.sun.com/bugreport/"/>
    <property name="java.io.tmpdir" value="C:\Users\vsingh\AppData\Local\Temp\"/>
    <property name="java.version" value="1.8.0_181"/>
    <property name="user.dir" value="C:\Users\vsingh\eclipse-workspace\Selenium"/>
    <property name="os.arch" value="amd64"/>
    <property name="java.vm.specification.name" value="Java Virtual Machine Specification"/>
    <property name="java.awt.printerjob" value="sun.awt.windows.WPrinterJob"/>
    <property name="sun.os.patch.level" value=""/>
    <property name="java.library.path" value="C:\Program Files\Java\jre1.8.0_181\bin;C:\Windows\Sun\Java\bin;C:\Windows\system32;C:\Windows;C:/Program Files/Java/jre1.8.0_181/bin/server;C:/Program Files/Java/jre1.8.0_181/bin;C:/Program Files/Java/jre1.8.0_181/lib/amd64;C:\Program Files (x86)\Common Files\Oracle\Java\javapath;C:\Windows\system32;C:\Windows;C:\Windows\System32\Wbem;C:\Windows\System32\WindowsPowerShell\v1.0\;C:\Program Files\Microsoft SQL Server\Client SDK\ODBC\130\Tools\Binn\;C:\Program Files (x86)\Microsoft SQL Server\140\Tools\Binn\;C:\Program Files\Microsoft SQL Server\140\Tools\Binn\;C:\Program Files\Microsoft SQL Server\140\DTS\Binn\;C:\Program Files (x86)\Microsoft SQL Server\Client SDK\ODBC\130\Tools\Binn\;C:\Program Files (x86)\Microsoft SQL Server\140\DTS\Binn\;C:\Program Files (x86)\Microsoft SQL Server\140\Tools\Binn\ManagementStudio\;C:\Program Files\Git\cmd;C:\Program Files\dotnet\;C:\Program Files\Microsoft SQL Server\130\Tools\Binn\;C:\Program Files\Java\jdk1.8.0_181;C:\Program Files\Java\jdk1.8.0_181\bin;C:\Program Files\Java\jdk1.8.0_181\jre;C:\Program Files\Java\jdk1.8.0_181\jre\bin;C:\Windows\System32;;."/>
    <property name="java.vm.info" value="mixed mode"/>
    <property name="java.vendor" value="Oracle Corporation"/>
    <property name="java.vm.version" value="25.181-b13"/>
    <property name="java.ext.dirs" value="C:\Program Files\Java\jre1.8.0_181\lib\ext;C:\Windows\Sun\Java\lib\ext"/>
    <property name="sun.io.unicode.encoding" value="UnicodeLittle"/>
    <property name="java.class.version" value="52.0"/>
  </properties>
  <testcase name="LoginTest" classname="com.TestCases.LoginTestCase" time="0">
    <skipped message="Expected condition failed: waiting for element to be clickable: By.cssSelector: section.form__group.-button.\2b textCenter &gt; button (tried for 10 second(s) with 500 milliseconds interval)"/>
    <system-out><![CDATA[Credentials saved to C:\Users\vsingh\.credentials\sheets.googleapis.com-java-quickstart
{"majorDimension":"ROWS","range":"Browser!A1:E1000","values":[["Browsers_Available"],["Chrome"]]}
Credentials saved to C:\Users\vsingh\.credentials\sheets.googleapis.com-java-quickstart
{"majorDimension":"ROWS","range":"URL!A1:E1000","values":[["URL"],["https://dev.castinet.org/"]]}
https://dev.castinet.org/
Credentials saved to C:\Users\vsingh\.credentials\sheets.googleapis.com-java-quickstart
{"majorDimension":"ROWS","range":"Credentials!A1:E1000","values":[["Username","Password"],["ptyagi@dminc.com","Jupiter@20"]]}
Credentials saved to C:\Users\vsingh\.credentials\sheets.googleapis.com-java-quickstart
{"majorDimension":"ROWS","range":"Credentials!A1:E1000","values":[["Username","Password"],["ptyagi@dminc.com","Jupiter@20"]]}
Credentials saved to C:\Users\vsingh\.credentials\sheets.googleapis.com-java-quickstart
{"majorDimension":"ROWS","range":"Login_Validator!A1:E1000","values":[["Welcome_Header"],["Welcome to CASTiNET 3.0"],["Login Successful"],["Login Failed"]]}
Credentials saved to C:\Users\vsingh\.credentials\sheets.googleapis.com-java-quickstart
{"majorDimension":"ROWS","range":"Global_Validater!A1:E1000","values":[["Name","Text"],["passedText","Test case passed"],["failedText","Test case failed"],["quitDriverFail","Not able to quit driver"],["quitDriverPass","Driver Quit Successful"],["screenShotTaken","Screenshot successfully taken and saved"],["screenShotFailed","ScreenShot Not taken"]]}
]]></system-out>
    <system-err><![CDATA[Oct 09, 2018 2:13:49 PM com.google.api.client.util.store.FileDataStoreFactory setPermissionsToOwnerOnly
WARNING: unable to change permissions for everybody: C:\Users\vsingh\.credentials\sheets.googleapis.com-java-quickstart
Oct 09, 2018 2:13:49 PM com.google.api.client.util.store.FileDataStoreFactory setPermissionsToOwnerOnly
WARNING: unable to change permissions for owner: C:\Users\vsingh\.credentials\sheets.googleapis.com-java-quickstart
Starting ChromeDriver 2.42.591088 (7b2b2dca23cca0862f674758c9a3933e685c27d5) on port 29836
Only local connections are allowed.
Oct 09, 2018 2:13:54 PM org.openqa.selenium.remote.ProtocolHandshake createSession
INFO: Detected dialect: OSS
]]></system-err>
  </testcase>
  <testcase name="LoginTest" classname="com.TestCases.LoginTestCase" time="0">
    <skipped message="Expected condition failed: waiting for element to be clickable: By.cssSelector: section.form__group.-button.\2b textCenter &gt; button (tried for 10 second(s) with 500 milliseconds interval)"/>
    <system-out><![CDATA[Credentials saved to C:\Users\vsingh\.credentials\sheets.googleapis.com-java-quickstart
{"majorDimension":"ROWS","range":"Global_Validater!A1:E1000","values":[["Name","Text"],["passedText","Test case passed"],["failedText","Test case failed"],["quitDriverFail","Not able to quit driver"],["quitDriverPass","Driver Quit Successful"],["screenShotTaken","Screenshot successfully taken and saved"],["screenShotFailed","ScreenShot Not taken"]]}
Credentials saved to C:\Users\vsingh\.credentials\sheets.googleapis.com-java-quickstart
{"majorDimension":"ROWS","range":"Browser!A1:E1000","values":[["Browsers_Available"],["Chrome"]]}
Credentials saved to C:\Users\vsingh\.credentials\sheets.googleapis.com-java-quickstart
{"majorDimension":"ROWS","range":"URL!A1:E1000","values":[["URL"],["https://dev.castinet.org/"]]}
https://dev.castinet.org/
Credentials saved to C:\Users\vsingh\.credentials\sheets.googleapis.com-java-quickstart
{"majorDimension":"ROWS","range":"Credentials!A1:E1000","values":[["Username","Password"],["ptyagi@dminc.com","Jupiter@20"]]}
Credentials saved to C:\Users\vsingh\.credentials\sheets.googleapis.com-java-quickstart
{"majorDimension":"ROWS","range":"Credentials!A1:E1000","values":[["Username","Password"],["ptyagi@dminc.com","Jupiter@20"]]}
Credentials saved to C:\Users\vsingh\.credentials\sheets.googleapis.com-java-quickstart
{"majorDimension":"ROWS","range":"Login_Validator!A1:E1000","values":[["Welcome_Header"],["Welcome to CASTiNET 3.0"],["Login Successful"],["Login Failed"]]}
Credentials saved to C:\Users\vsingh\.credentials\sheets.googleapis.com-java-quickstart
{"majorDimension":"ROWS","range":"Global_Validater!A1:E1000","values":[["Name","Text"],["passedText","Test case passed"],["failedText","Test case failed"],["quitDriverFail","Not able to quit driver"],["quitDriverPass","Driver Quit Successful"],["screenShotTaken","Screenshot successfully taken and saved"],["screenShotFailed","ScreenShot Not taken"]]}
]]></system-out>
    <system-err><![CDATA[Starting ChromeDriver 2.42.591088 (7b2b2dca23cca0862f674758c9a3933e685c27d5) on port 20847
Only local connections are allowed.
Oct 09, 2018 2:14:42 PM org.openqa.selenium.remote.ProtocolHandshake createSession
INFO: Detected dialect: OSS
]]></system-err>
  </testcase>
  <testcase name="LoginTest" classname="com.TestCases.LoginTestCase" time="0">
    <skipped message="Expected condition failed: waiting for element to be clickable: By.cssSelector: section.form__group.-button.\2b textCenter &gt; button (tried for 10 second(s) with 500 milliseconds interval)"/>
    <system-out><![CDATA[Credentials saved to C:\Users\vsingh\.credentials\sheets.googleapis.com-java-quickstart
{"majorDimension":"ROWS","range":"Global_Validater!A1:E1000","values":[["Name","Text"],["passedText","Test case passed"],["failedText","Test case failed"],["quitDriverFail","Not able to quit driver"],["quitDriverPass","Driver Quit Successful"],["screenShotTaken","Screenshot successfully taken and saved"],["screenShotFailed","ScreenShot Not taken"]]}
Credentials saved to C:\Users\vsingh\.credentials\sheets.googleapis.com-java-quickstart
{"majorDimension":"ROWS","range":"Browser!A1:E1000","values":[["Browsers_Available"],["Chrome"]]}
Credentials saved to C:\Users\vsingh\.credentials\sheets.googleapis.com-java-quickstart
{"majorDimension":"ROWS","range":"URL!A1:E1000","values":[["URL"],["https://dev.castinet.org/"]]}
https://dev.castinet.org/
Credentials saved to C:\Users\vsingh\.credentials\sheets.googleapis.com-java-quickstart
{"majorDimension":"ROWS","range":"Credentials!A1:E1000","values":[["Username","Password"],["ptyagi@dminc.com","Jupiter@20"]]}
Credentials saved to C:\Users\vsingh\.credentials\sheets.googleapis.com-java-quickstart
{"majorDimension":"ROWS","range":"Credentials!A1:E1000","values":[["Username","Password"],["ptyagi@dminc.com","Jupiter@20"]]}
Credentials saved to C:\Users\vsingh\.credentials\sheets.googleapis.com-java-quickstart
{"majorDimension":"ROWS","range":"Login_Validator!A1:E1000","values":[["Welcome_Header"],["Welcome to CASTiNET 3.0"],["Login Successful"],["Login Failed"]]}
Credentials saved to C:\Users\vsingh\.credentials\sheets.googleapis.com-java-quickstart
{"majorDimension":"ROWS","range":"Global_Validater!A1:E1000","values":[["Name","Text"],["passedText","Test case passed"],["failedText","Test case failed"],["quitDriverFail","Not able to quit driver"],["quitDriverPass","Driver Quit Successful"],["screenShotTaken","Screenshot successfully taken and saved"],["screenShotFailed","ScreenShot Not taken"]]}
]]></system-out>
    <system-err><![CDATA[Starting ChromeDriver 2.42.591088 (7b2b2dca23cca0862f674758c9a3933e685c27d5) on port 31966
Only local connections are allowed.
Oct 09, 2018 2:15:24 PM org.openqa.selenium.remote.ProtocolHandshake createSession
INFO: Detected dialect: OSS
]]></system-err>
  </testcase>
  <testcase name="LoginTest" classname="com.TestCases.LoginTestCase" time="29.2">
    <failure message="Expected condition failed: waiting for element to be clickable: By.cssSelector: section.form__group.-button.\2b textCenter &gt; button (tried for 10 second(s) with 500 milliseconds interval)" type="java.lang.AssertionError">java.lang.AssertionError: Expected condition failed: waiting for element to be clickable: By.cssSelector: section.form__group.-button.\2b textCenter > button (tried for 10 second(s) with 500 milliseconds interval)
	at com.TestCases.LoginTestCase.LoginTest(LoginTestCase.java:34)
</failure>
    <system-out><![CDATA[Credentials saved to C:\Users\vsingh\.credentials\sheets.googleapis.com-java-quickstart
{"majorDimension":"ROWS","range":"Global_Validater!A1:E1000","values":[["Name","Text"],["passedText","Test case passed"],["failedText","Test case failed"],["quitDriverFail","Not able to quit driver"],["quitDriverPass","Driver Quit Successful"],["screenShotTaken","Screenshot successfully taken and saved"],["screenShotFailed","ScreenShot Not taken"]]}
Credentials saved to C:\Users\vsingh\.credentials\sheets.googleapis.com-java-quickstart
{"majorDimension":"ROWS","range":"Browser!A1:E1000","values":[["Browsers_Available"],["Chrome"]]}
Credentials saved to C:\Users\vsingh\.credentials\sheets.googleapis.com-java-quickstart
{"majorDimension":"ROWS","range":"URL!A1:E1000","values":[["URL"],["https://dev.castinet.org/"]]}
https://dev.castinet.org/
Credentials saved to C:\Users\vsingh\.credentials\sheets.googleapis.com-java-quickstart
{"majorDimension":"ROWS","range":"Credentials!A1:E1000","values":[["Username","Password"],["ptyagi@dminc.com","Jupiter@20"]]}
Credentials saved to C:\Users\vsingh\.credentials\sheets.googleapis.com-java-quickstart
{"majorDimension":"ROWS","range":"Credentials!A1:E1000","values":[["Username","Password"],["ptyagi@dminc.com","Jupiter@20"]]}
Credentials saved to C:\Users\vsingh\.credentials\sheets.googleapis.com-java-quickstart
{"majorDimension":"ROWS","range":"Login_Validator!A1:E1000","values":[["Welcome_Header"],["Welcome to CASTiNET 3.0"],["Login Successful"],["Login Failed"]]}
Credentials saved to C:\Users\vsingh\.credentials\sheets.googleapis.com-java-quickstart
{"majorDimension":"ROWS","range":"Global_Validater!A1:E1000","values":[["Name","Text"],["passedText","Test case passed"],["failedText","Test case failed"],["quitDriverFail","Not able to quit driver"],["quitDriverPass","Driver Quit Successful"],["screenShotTaken","Screenshot successfully taken and saved"],["screenShotFailed","ScreenShot Not taken"]]}
]]></system-out>
    <system-err><![CDATA[Starting ChromeDriver 2.42.591088 (7b2b2dca23cca0862f674758c9a3933e685c27d5) on port 37992
Only local connections are allowed.
Oct 09, 2018 2:15:56 PM org.openqa.selenium.remote.ProtocolHandshake createSession
INFO: Detected dialect: OSS
]]></system-err>
  </testcase>
</testsuite>